2021-11-06 11:11:14,199 [Worker-3: Loading available Gradle versions] INFO  o.e.b.c.i.u.g.PublishedGradleVersions - Gradle version information cache is up-to-date. Trying to read.
2021-11-06 11:11:45,097 [Worker-8: Importing Maven projects] INFO  o.e.m.c.i.l.LifecycleMappingFactory - Using org.eclipse.m2e.jdt.JarLifecycleMapping lifecycle mapping for MavenProject: br.mso:api-spring-docker:0.0.1-SNAPSHOT @ /home/nathan/Documentos/panacademy/aula-24/api-spring-docker/pom.xml.
2021-11-06 11:11:48,958 [Worker-8: Importing Maven projects] INFO  o.e.m.j.i.AbstractJavaProjectConfigurator - Adding source folder /api-spring-docker/src/main/java
2021-11-06 11:11:48,959 [Worker-8: Importing Maven projects] INFO  o.e.m.j.i.AbstractJavaProjectConfigurator - Adding resource folder /api-spring-docker/src/main/resources
2021-11-06 11:11:48,967 [Worker-8: Importing Maven projects] INFO  o.e.m.j.i.AbstractJavaProjectConfigurator - Adding resource folder /api-spring-docker/src/main/resources
2021-11-06 11:11:48,980 [Worker-8: Importing Maven projects] INFO  o.e.m.j.i.AbstractJavaProjectConfigurator - Adding source folder /api-spring-docker/src/test/java
2021-11-06 11:11:50,024 [Worker-8: Importing Maven projects] INFO  o.e.m.c.i.p.ProjectConfigurationManager - Imported and configured 1 project(s) in 9 sec
2021-11-06 11:11:56,068 [Worker-5: Building] INFO  o.e.m.c.i.embedder.EclipseLogger - Using 'UTF-8' encoding to copy filtered resources.
2021-11-06 11:11:56,085 [Worker-5: Building] INFO  o.e.m.c.i.embedder.EclipseLogger - Copying 1 resource
2021-11-06 11:11:56,125 [Worker-5: Building] INFO  o.e.m.c.i.embedder.EclipseLogger - Copying 0 resource
2021-11-06 11:11:56,136 [Worker-5: Building] INFO  o.e.m.c.i.embedder.EclipseLogger - Using 'UTF-8' encoding to copy filtered resources.
2021-11-06 11:11:56,136 [Worker-5: Building] INFO  o.e.m.c.i.embedder.EclipseLogger - skip non existing resourceDirectory /home/nathan/Documentos/panacademy/aula-24/api-spring-docker/src/test/resources
2021-11-06 11:11:58,437 [Worker-3: Building] INFO  o.e.m.c.i.embedder.EclipseLogger - Using 'UTF-8' encoding to copy filtered resources.
2021-11-06 11:11:58,439 [Worker-3: Building] INFO  o.e.m.c.i.embedder.EclipseLogger - Copying 0 resource
2021-11-06 11:11:58,439 [Worker-3: Building] INFO  o.e.m.c.i.embedder.EclipseLogger - Copying 0 resource
2021-11-06 11:11:58,442 [Worker-3: Building] INFO  o.e.m.c.i.embedder.EclipseLogger - Using 'UTF-8' encoding to copy filtered resources.
2021-11-06 11:11:58,442 [Worker-3: Building] INFO  o.e.m.c.i.embedder.EclipseLogger - skip non existing resourceDirectory /home/nathan/Documentos/panacademy/aula-24/api-spring-docker/src/test/resources
2021-11-06 11:12:23,079 [Worker-2: Building] INFO  o.e.m.c.i.embedder.EclipseLogger - Using 'UTF-8' encoding to copy filtered resources.
2021-11-06 11:12:23,086 [Worker-2: Building] INFO  o.e.m.c.i.embedder.EclipseLogger - Copying 0 resource
2021-11-06 11:12:23,088 [Worker-2: Building] INFO  o.e.m.c.i.embedder.EclipseLogger - Copying 0 resource
2021-11-06 11:12:23,100 [Worker-2: Building] INFO  o.e.m.c.i.embedder.EclipseLogger - Using 'UTF-8' encoding to copy filtered resources.
2021-11-06 11:12:23,100 [Worker-2: Building] INFO  o.e.m.c.i.embedder.EclipseLogger - skip non existing resourceDirectory /home/nathan/Documentos/panacademy/aula-24/api-spring-docker/src/test/resources
2021-11-06 11:12:25,660 [Worker-2: Building] INFO  o.e.m.c.i.embedder.EclipseLogger - Using 'UTF-8' encoding to copy filtered resources.
2021-11-06 11:12:25,668 [Worker-2: Building] INFO  o.e.m.c.i.embedder.EclipseLogger - Copying 1 resource
2021-11-06 11:12:25,676 [Worker-2: Building] INFO  o.e.m.c.i.embedder.EclipseLogger - Copying 0 resource
2021-11-06 11:12:25,680 [Worker-2: Building] INFO  o.e.m.c.i.embedder.EclipseLogger - Using 'UTF-8' encoding to copy filtered resources.
2021-11-06 11:12:25,680 [Worker-2: Building] INFO  o.e.m.c.i.embedder.EclipseLogger - skip non existing resourceDirectory /home/nathan/Documentos/panacademy/aula-24/api-spring-docker/src/test/resources
2021-11-06 11:12:31,505 [Worker-4: Launching Executing clean in _home_nathan_Documentos_panacademy_aula-24_api-spring-docker] INFO  o.e.m.i.launch.MavenLaunchDelegate - /home/nathan/Documentos/panacademy/aula-24/api-spring-docker
2021-11-06 11:12:31,516 [Worker-4: Launching Executing clean in _home_nathan_Documentos_panacademy_aula-24_api-spring-docker] INFO  o.e.m.i.launch.MavenLaunchDelegate -  mvn -B clean -Dstyle.color=always
2021-11-06 11:12:36,688 [Worker-1: Building] INFO  o.e.m.c.i.embedder.EclipseLogger - Using 'UTF-8' encoding to copy filtered resources.
2021-11-06 11:12:36,691 [Worker-1: Building] INFO  o.e.m.c.i.embedder.EclipseLogger - Copying 1 resource
2021-11-06 11:12:36,698 [Worker-1: Building] INFO  o.e.m.c.i.embedder.EclipseLogger - Copying 0 resource
2021-11-06 11:12:36,715 [Worker-1: Building] INFO  o.e.m.c.i.embedder.EclipseLogger - Using 'UTF-8' encoding to copy filtered resources.
2021-11-06 11:12:36,716 [Worker-1: Building] INFO  o.e.m.c.i.embedder.EclipseLogger - skip non existing resourceDirectory /home/nathan/Documentos/panacademy/aula-24/api-spring-docker/src/test/resources
2021-11-06 11:12:45,835 [main] INFO  o.e.m2e.actions.ExecutePomAction - Creating new launch configuration
2021-11-06 11:12:57,702 [Worker-9: Launching api-spring-docker] INFO  o.e.m.i.launch.MavenLaunchDelegate - /home/nathan/Documentos/panacademy/aula-24/api-spring-docker
2021-11-06 11:12:57,703 [Worker-9: Launching api-spring-docker] INFO  o.e.m.i.launch.MavenLaunchDelegate -  mvn -B -Dmaven.test.skip=true -DskipTests clean install -Dstyle.color=always
2021-11-06 11:18:58,254 [Worker-10: Building] INFO  o.e.m.c.i.embedder.EclipseLogger - Using 'UTF-8' encoding to copy filtered resources.
2021-11-06 11:18:58,255 [Worker-10: Building] INFO  o.e.m.c.i.embedder.EclipseLogger - Copying 0 resource
2021-11-06 11:18:58,256 [Worker-10: Building] INFO  o.e.m.c.i.embedder.EclipseLogger - Copying 0 resource
2021-11-06 11:18:58,261 [Worker-10: Building] INFO  o.e.m.c.i.embedder.EclipseLogger - Using 'UTF-8' encoding to copy filtered resources.
2021-11-06 11:18:58,261 [Worker-10: Building] INFO  o.e.m.c.i.embedder.EclipseLogger - skip non existing resourceDirectory /home/nathan/Documentos/panacademy/aula-24/api-spring-docker/src/test/resources
2021-11-06 11:21:51,035 [Worker-14: Building] INFO  o.e.m.c.i.embedder.EclipseLogger - Using 'UTF-8' encoding to copy filtered resources.
2021-11-06 11:21:51,051 [Worker-14: Building] INFO  o.e.m.c.i.embedder.EclipseLogger - Copying 0 resource
2021-11-06 11:21:51,055 [Worker-14: Building] INFO  o.e.m.c.i.embedder.EclipseLogger - Copying 0 resource
2021-11-06 11:21:51,061 [Worker-14: Building] INFO  o.e.m.c.i.embedder.EclipseLogger - Using 'UTF-8' encoding to copy filtered resources.
2021-11-06 11:21:51,063 [Worker-14: Building] INFO  o.e.m.c.i.embedder.EclipseLogger - skip non existing resourceDirectory /home/nathan/Documentos/panacademy/aula-24/api-spring-docker/src/test/resources
2021-11-06 11:22:59,307 [Worker-12: Updating Maven Project] INFO  o.e.m.c.i.p.ProjectConfigurationManager - Update started
2021-11-06 11:23:00,982 [Worker-12: Updating Maven Project] INFO  o.e.m.c.i.l.LifecycleMappingFactory - Using org.eclipse.m2e.jdt.JarLifecycleMapping lifecycle mapping for MavenProject: br.mso:api-spring-docker:0.0.1-SNAPSHOT @ /home/nathan/Documentos/panacademy/aula-24/api-spring-docker/pom.xml.
2021-11-06 11:23:03,818 [Worker-12: Updating Maven Project] INFO  o.e.m.j.i.AbstractJavaProjectConfigurator - Adding source folder /api-spring-docker/src/main/java
2021-11-06 11:23:03,819 [Worker-12: Updating Maven Project] INFO  o.e.m.j.i.AbstractJavaProjectConfigurator - Adding resource folder /api-spring-docker/src/main/resources
2021-11-06 11:23:03,819 [Worker-12: Updating Maven Project] INFO  o.e.m.j.i.AbstractJavaProjectConfigurator - Adding resource folder /api-spring-docker/src/main/resources
2021-11-06 11:23:03,820 [Worker-12: Updating Maven Project] INFO  o.e.m.j.i.AbstractJavaProjectConfigurator - Adding source folder /api-spring-docker/src/test/java
2021-11-06 11:23:04,227 [Worker-12: Updating Maven Project] INFO  o.e.m.c.i.p.ProjectConfigurationManager - Update completed: 4 sec
2021-11-06 11:23:06,282 [Worker-17: Building] INFO  o.e.m.c.i.embedder.EclipseLogger - Using 'UTF-8' encoding to copy filtered resources.
2021-11-06 11:23:06,284 [Worker-17: Building] INFO  o.e.m.c.i.embedder.EclipseLogger - Copying 1 resource
2021-11-06 11:23:06,319 [Worker-17: Building] INFO  o.e.m.c.i.embedder.EclipseLogger - Copying 0 resource
2021-11-06 11:23:06,326 [Worker-17: Building] INFO  o.e.m.c.i.embedder.EclipseLogger - Using 'UTF-8' encoding to copy filtered resources.
2021-11-06 11:23:06,326 [Worker-17: Building] INFO  o.e.m.c.i.embedder.EclipseLogger - skip non existing resourceDirectory /home/nathan/Documentos/panacademy/aula-24/api-spring-docker/src/test/resources
2021-11-06 11:26:49,386 [Worker-17: Launching Executing clean in _home_nathan_Documentos_panacademy_aula-24_api-spring-docker] INFO  o.e.m.i.launch.MavenLaunchDelegate - /home/nathan/Documentos/panacademy/aula-24/api-spring-docker
2021-11-06 11:26:49,386 [Worker-17: Launching Executing clean in _home_nathan_Documentos_panacademy_aula-24_api-spring-docker] INFO  o.e.m.i.launch.MavenLaunchDelegate -  mvn -B clean -Dstyle.color=always
2021-11-06 11:26:54,208 [Worker-19: Building] INFO  o.e.m.c.i.embedder.EclipseLogger - Using 'UTF-8' encoding to copy filtered resources.
2021-11-06 11:26:54,218 [Worker-19: Building] INFO  o.e.m.c.i.embedder.EclipseLogger - Copying 1 resource
2021-11-06 11:26:54,220 [Worker-19: Building] INFO  o.e.m.c.i.embedder.EclipseLogger - Copying 0 resource
2021-11-06 11:26:54,222 [Worker-19: Building] INFO  o.e.m.c.i.embedder.EclipseLogger - Using 'UTF-8' encoding to copy filtered resources.
2021-11-06 11:26:54,222 [Worker-19: Building] INFO  o.e.m.c.i.embedder.EclipseLogger - skip non existing resourceDirectory /home/nathan/Documentos/panacademy/aula-24/api-spring-docker/src/test/resources
2021-11-06 11:27:03,206 [main] INFO  o.e.m2e.actions.ExecutePomAction - Creating new launch configuration
2021-11-06 11:27:26,265 [Worker-20: Launching api-spring-docker (1)] INFO  o.e.m.i.launch.MavenLaunchDelegate - /home/nathan/Documentos/panacademy/aula-24/api-spring-docker
2021-11-06 11:27:26,265 [Worker-20: Launching api-spring-docker (1)] INFO  o.e.m.i.launch.MavenLaunchDelegate -  mvn -B -Dmaven.test.skip=true -DskipTests clean install -Dstyle.color=always
2021-11-06 11:27:36,527 [Worker-5: Building] INFO  o.e.m.c.i.embedder.EclipseLogger - Using 'UTF-8' encoding to copy filtered resources.
2021-11-06 11:27:36,530 [Worker-5: Building] INFO  o.e.m.c.i.embedder.EclipseLogger - Copying 1 resource
2021-11-06 11:27:36,532 [Worker-5: Building] INFO  o.e.m.c.i.embedder.EclipseLogger - Copying 0 resource
2021-11-06 11:27:36,537 [Worker-5: Building] INFO  o.e.m.c.i.embedder.EclipseLogger - Using 'UTF-8' encoding to copy filtered resources.
2021-11-06 11:27:36,537 [Worker-5: Building] INFO  o.e.m.c.i.embedder.EclipseLogger - skip non existing resourceDirectory /home/nathan/Documentos/panacademy/aula-24/api-spring-docker/src/test/resources
2021-11-06 11:36:27,037 [Worker-24: Building] INFO  o.e.m.c.i.embedder.EclipseLogger - Using 'UTF-8' encoding to copy filtered resources.
2021-11-06 11:36:27,037 [Worker-24: Building] INFO  o.e.m.c.i.embedder.EclipseLogger - Copying 0 resource
2021-11-06 11:36:27,037 [Worker-24: Building] INFO  o.e.m.c.i.embedder.EclipseLogger - Copying 0 resource
2021-11-06 11:36:27,048 [Worker-24: Building] INFO  o.e.m.c.i.embedder.EclipseLogger - Using 'UTF-8' encoding to copy filtered resources.
2021-11-06 11:36:27,048 [Worker-24: Building] INFO  o.e.m.c.i.embedder.EclipseLogger - skip non existing resourceDirectory /home/nathan/Documentos/panacademy/aula-24/api-spring-docker/src/test/resources
2021-11-06 11:38:20,778 [Worker-26: Building] INFO  o.e.m.c.i.embedder.EclipseLogger - Using 'UTF-8' encoding to copy filtered resources.
2021-11-06 11:38:20,804 [Worker-26: Building] INFO  o.e.m.c.i.embedder.EclipseLogger - Copying 0 resource
2021-11-06 11:38:20,804 [Worker-26: Building] INFO  o.e.m.c.i.embedder.EclipseLogger - Copying 0 resource
2021-11-06 11:38:20,807 [Worker-26: Building] INFO  o.e.m.c.i.embedder.EclipseLogger - Using 'UTF-8' encoding to copy filtered resources.
2021-11-06 11:38:20,807 [Worker-26: Building] INFO  o.e.m.c.i.embedder.EclipseLogger - skip non existing resourceDirectory /home/nathan/Documentos/panacademy/aula-24/api-spring-docker/src/test/resources
2021-11-06 11:38:28,041 [Worker-17: Building] INFO  o.e.m.c.i.embedder.EclipseLogger - Using 'UTF-8' encoding to copy filtered resources.
2021-11-06 11:38:28,041 [Worker-17: Building] INFO  o.e.m.c.i.embedder.EclipseLogger - Copying 1 resource
2021-11-06 11:38:28,053 [Worker-17: Building] INFO  o.e.m.c.i.embedder.EclipseLogger - Copying 0 resource
2021-11-06 11:38:28,067 [Worker-17: Building] INFO  o.e.m.c.i.embedder.EclipseLogger - Using 'UTF-8' encoding to copy filtered resources.
2021-11-06 11:38:28,067 [Worker-17: Building] INFO  o.e.m.c.i.embedder.EclipseLogger - skip non existing resourceDirectory /home/nathan/Documentos/panacademy/aula-24/api-spring-docker/src/test/resources
2021-11-06 11:38:38,207 [Worker-17: Launching Executing clean in _home_nathan_Documentos_panacademy_aula-24_api-spring-docker] INFO  o.e.m.i.launch.MavenLaunchDelegate - /home/nathan/Documentos/panacademy/aula-24/api-spring-docker
2021-11-06 11:38:38,207 [Worker-17: Launching Executing clean in _home_nathan_Documentos_panacademy_aula-24_api-spring-docker] INFO  o.e.m.i.launch.MavenLaunchDelegate -  mvn -B clean -Dstyle.color=always
2021-11-06 11:38:43,138 [Worker-24: Building] INFO  o.e.m.c.i.embedder.EclipseLogger - Using 'UTF-8' encoding to copy filtered resources.
2021-11-06 11:38:43,138 [Worker-24: Building] INFO  o.e.m.c.i.embedder.EclipseLogger - Copying 1 resource
2021-11-06 11:38:43,139 [Worker-24: Building] INFO  o.e.m.c.i.embedder.EclipseLogger - Copying 0 resource
2021-11-06 11:38:43,158 [Worker-24: Building] INFO  o.e.m.c.i.embedder.EclipseLogger - Using 'UTF-8' encoding to copy filtered resources.
2021-11-06 11:38:43,159 [Worker-24: Building] INFO  o.e.m.c.i.embedder.EclipseLogger - skip non existing resourceDirectory /home/nathan/Documentos/panacademy/aula-24/api-spring-docker/src/test/resources
2021-11-06 11:38:46,809 [Worker-17: Building] INFO  o.e.m.c.i.embedder.EclipseLogger - Using 'UTF-8' encoding to copy filtered resources.
2021-11-06 11:38:46,810 [Worker-17: Building] INFO  o.e.m.c.i.embedder.EclipseLogger - Copying 0 resource
2021-11-06 11:38:46,810 [Worker-17: Building] INFO  o.e.m.c.i.embedder.EclipseLogger - Copying 0 resource
2021-11-06 11:38:46,821 [Worker-17: Building] INFO  o.e.m.c.i.embedder.EclipseLogger - Using 'UTF-8' encoding to copy filtered resources.
2021-11-06 11:38:46,821 [Worker-17: Building] INFO  o.e.m.c.i.embedder.EclipseLogger - skip non existing resourceDirectory /home/nathan/Documentos/panacademy/aula-24/api-spring-docker/src/test/resources
2021-11-06 11:38:51,757 [main] INFO  o.e.m2e.actions.ExecutePomAction - Creating new launch configuration
2021-11-06 11:39:05,967 [Worker-26: Launching api-spring-docker (2)] INFO  o.e.m.i.launch.MavenLaunchDelegate - /home/nathan/Documentos/panacademy/aula-24/api-spring-docker
2021-11-06 11:39:05,968 [Worker-26: Launching api-spring-docker (2)] INFO  o.e.m.i.launch.MavenLaunchDelegate -  mvn -B -Dmaven.test.skip=true -DskipTests clean install -Dstyle.color=always
2021-11-06 11:39:49,687 [Worker-17: Building] INFO  o.e.m.c.i.embedder.EclipseLogger - Using 'UTF-8' encoding to copy filtered resources.
2021-11-06 11:39:49,688 [Worker-17: Building] INFO  o.e.m.c.i.embedder.EclipseLogger - Copying 1 resource
2021-11-06 11:39:49,689 [Worker-17: Building] INFO  o.e.m.c.i.embedder.EclipseLogger - Copying 0 resource
2021-11-06 11:39:49,697 [Worker-17: Building] INFO  o.e.m.c.i.embedder.EclipseLogger - Using 'UTF-8' encoding to copy filtered resources.
2021-11-06 11:39:49,697 [Worker-17: Building] INFO  o.e.m.c.i.embedder.EclipseLogger - skip non existing resourceDirectory /home/nathan/Documentos/panacademy/aula-24/api-spring-docker/src/test/resources
